#-----------------------------------------------------------
# Vivado v2020.2 (64-bit)
# SW Build 3064766 on Wed Nov 18 09:12:47 MST 2020
# IP Build 3064653 on Wed Nov 18 14:17:31 MST 2020
# Start of session at: Thu Jul 11 18:00:52 2024
# Process ID: 2939
# Current directory: /home/sinoradaniels/pulpino/git/traffic_light/synth
# Command line: vivado
# Log file: /home/sinoradaniels/pulpino/git/traffic_light/synth/vivado.log
# Journal file: /home/sinoradaniels/pulpino/git/traffic_light/synth/vivado.jou
#-----------------------------------------------------------
start_gui
open_project /home/sinoradaniels/pulpino/git/traffic_light/synth/project_1/project_1.xpr
WARNING: [filemgmt 56-3] Default IP Output Path : Could not find the directory '/home/sinoradaniels/pulpino/git/traffic_light/synth/project_1/project_1.gen/sources_1'.
Scanning sources...
Finished scanning sources
INFO: [IP_Flow 19-234] Refreshing IP repositories
INFO: [IP_Flow 19-1704] No user IP repositories specified
INFO: [IP_Flow 19-2313] Loaded Vivado IP repository '/tools1/Xilinx/Vivado/2020.2/data/ip'.
open_project: Time (s): cpu = 00:00:26 ; elapsed = 00:00:11 . Memory (MB): peak = 7404.562 ; gain = 59.332 ; free physical = 7494 ; free virtual = 13849
update_compile_order -fileset sources_1
launch_simulation
Command: launch_simulation 
INFO: [Vivado 12-5682] Launching behavioral simulation in '/home/sinoradaniels/pulpino/git/traffic_light/synth/project_1/project_1.sim/sim_1/behav/xsim'
INFO: [SIM-utils-51] Simulation object is 'sim_1'
INFO: [SIM-utils-54] Inspecting design source files for 'tb_traffic_light_cntrl' in fileset 'sim_1'...
INFO: [USF-XSim-97] Finding global include files...
INFO: [USF-XSim-98] Fetching design files from 'sim_1'...
INFO: [USF-XSim-2] XSim::Compile design
INFO: [USF-XSim-61] Executing 'COMPILE and ANALYZE' step in '/home/sinoradaniels/pulpino/git/traffic_light/synth/project_1/project_1.sim/sim_1/behav/xsim'
xvlog --incr --relax -L uvm -prj tb_traffic_light_cntrl_vlog.prj
Waiting for jobs to finish...
No pending jobs, compilation finished.
INFO: [USF-XSim-69] 'compile' step finished in '2' seconds
INFO: [USF-XSim-3] XSim::Elaborate design
INFO: [USF-XSim-61] Executing 'ELABORATE' step in '/home/sinoradaniels/pulpino/git/traffic_light/synth/project_1/project_1.sim/sim_1/behav/xsim'
xelab -wto 0fb839f8a18f4b09bb773d4e4cb5bb0e --incr --debug typical --relax --mt 8 -L xil_defaultlib -L uvm -L unisims_ver -L unimacro_ver -L secureip --snapshot tb_traffic_light_cntrl_behav xil_defaultlib.tb_traffic_light_cntrl xil_defaultlib.glbl -log elaborate.log
Vivado Simulator 2020.2
Copyright 1986-1999, 2001-2020 Xilinx, Inc. All Rights Reserved.
Running: /tools1/Xilinx/Vivado/2020.2/bin/unwrapped/lnx64.o/xelab -wto 0fb839f8a18f4b09bb773d4e4cb5bb0e --incr --debug typical --relax --mt 8 -L xil_defaultlib -L uvm -L unisims_ver -L unimacro_ver -L secureip --snapshot tb_traffic_light_cntrl_behav xil_defaultlib.tb_traffic_light_cntrl xil_defaultlib.glbl -log elaborate.log 
Using 8 slave threads.
Starting static elaboration
Pass Through NonSizing Optimizer
Completed static elaboration
INFO: [XSIM 43-4323] No Change in HDL. Linking previously generated obj files to create kernel
INFO: [USF-XSim-69] 'elaborate' step finished in '2' seconds
INFO: [USF-XSim-4] XSim::Simulate design
INFO: [USF-XSim-61] Executing 'SIMULATE' step in '/home/sinoradaniels/pulpino/git/traffic_light/synth/project_1/project_1.sim/sim_1/behav/xsim'
INFO: [USF-XSim-98] *** Running xsim
   with args "tb_traffic_light_cntrl_behav -key {Behavioral:sim_1:Functional:tb_traffic_light_cntrl} -tclbatch {tb_traffic_light_cntrl.tcl} -view {/home/sinoradaniels/pulpino/git/traffic_light/synth/project_1/tb_traffic_light_cntrl_behav.wcfg} -log {simulate.log}"
INFO: [USF-XSim-8] Loading simulator feature
Vivado Simulator 2020.2
Time resolution is 1 ps
open_wave_config /home/sinoradaniels/pulpino/git/traffic_light/synth/project_1/tb_traffic_light_cntrl_behav.wcfg
source tb_traffic_light_cntrl.tcl
# set curr_wave [current_wave_config]
# if { [string length $curr_wave] == 0 } {
#   if { [llength [get_objects]] > 0} {
#     add_wave /
#     set_property needs_save false [current_wave_config]
#   } else {
#      send_msg_id Add_Wave-1 WARNING "No top level signals found. Simulator will start without a wave window. If you want to open a wave window go to 'File->New Waveform Configuration' or type 'create_wave_config' in the TCL console."
#   }
# }
# run 1000ns
xsim: Time (s): cpu = 00:00:11 ; elapsed = 00:00:05 . Memory (MB): peak = 7520.391 ; gain = 73.848 ; free physical = 7488 ; free virtual = 13843
INFO: [USF-XSim-96] XSim completed. Design snapshot 'tb_traffic_light_cntrl_behav' loaded.
INFO: [USF-XSim-97] XSim simulation ran for 1000ns
launch_simulation: Time (s): cpu = 00:00:17 ; elapsed = 00:00:10 . Memory (MB): peak = 7520.391 ; gain = 82.812 ; free physical = 7488 ; free virtual = 13843
run 1 us
close_sim
INFO: [Simtcl 6-16] Simulation closed
exit
INFO: [Common 17-206] Exiting Vivado at Thu Jul 11 22:45:24 2024...
