#-----------------------------------------------------------
# Vivado v2020.2 (64-bit)
# SW Build 3064766 on Wed Nov 18 09:12:47 MST 2020
# IP Build 3064653 on Wed Nov 18 14:17:31 MST 2020
# Start of session at: Wed Jul 17 14:51:50 2024
# Process ID: 31144
# Current directory: /home/sinoradaniels/pulpino/git/timer/synth
# Command line: vivado
# Log file: /home/sinoradaniels/pulpino/git/timer/synth/vivado.log
# Journal file: /home/sinoradaniels/pulpino/git/timer/synth/vivado.jou
#-----------------------------------------------------------
start_gui
open_project /home/sinoradaniels/pulpino/git/traffic_light/synth/project_1/project_1.xpr
WARNING: [filemgmt 56-3] Default IP Output Path : Could not find the directory '/home/sinoradaniels/pulpino/git/traffic_light/synth/project_1/project_1.gen/sources_1'.
Scanning sources...
Finished scanning sources
INFO: [IP_Flow 19-234] Refreshing IP repositories
INFO: [IP_Flow 19-1704] No user IP repositories specified
INFO: [IP_Flow 19-2313] Loaded Vivado IP repository '/tools1/Xilinx/Vivado/2020.2/data/ip'.
open_project: Time (s): cpu = 00:00:28 ; elapsed = 00:00:15 . Memory (MB): peak = 7408.117 ; gain = 60.293 ; free physical = 3800 ; free virtual = 12117
close_project
WARNING: [Board 49-26] cannot add Board Part em.avnet.com:ultrazed_7ev_cc_es2:part0:1.1 available at /tools1/Xilinx/Vivado/2020.2/data/boards/board_files/ultrazed_7ev_cc_es2/1.1/board.xml as part xczu7ev-fbvb900-1-i-es2 specified in board_part file is either invalid or not available
WARNING: [Board 49-26] cannot add Board Part em.avnet.com:ultrazed_eg_iocc:part0:1.0 available at /tools1/Xilinx/Vivado/2020.2/data/boards/board_files/ultrazed_3eg_iocc_es1/1.0/board.xml as part xczu3eg-sfva625-1-i-es1 specified in board_part file is either invalid or not available
WARNING: [Board 49-26] cannot add Board Part em.avnet.com:ultrazed_eg_pciecc:part0:1.0 available at /tools1/Xilinx/Vivado/2020.2/data/boards/board_files/ultrazed_3eg_pciecc_es1/1.0/board.xml as part xczu3eg-sfva625-1-i-es1 specified in board_part file is either invalid or not available
WARNING: [Board 49-26] cannot add Board Part em.avnet.com:ultrazed_eg_som:part0:1.0 available at /tools1/Xilinx/Vivado/2020.2/data/boards/board_files/ultrazed_3eg_som_es1/1.0/board.xml as part xczu3eg-sfva625-1-i-es1 specified in board_part file is either invalid or not available
WARNING: [Board 49-26] cannot add Board Part em.avnet.com:ultrazed_ev_som_es2:part0:1.1 available at /tools1/Xilinx/Vivado/2020.2/data/boards/board_files/ultrazed_7ev_som_es2/1.1/board.xml as part xczu7ev-fbvb900-1-i-es2 specified in board_part file is either invalid or not available
WARNING: [Board 49-26] cannot add Board Part em.avnet.com:ultrazed_7ev_cc_es2:part0:1.1 available at /tools1/Xilinx/Vivado/2020.2/data/boards/board_files/ultrazed_7ev_cc_es2/1.1/board.xml as part xczu7ev-fbvb900-1-i-es2 specified in board_part file is either invalid or not available
WARNING: [Board 49-26] cannot add Board Part em.avnet.com:ultrazed_eg_iocc:part0:1.0 available at /tools1/Xilinx/Vivado/2020.2/data/boards/board_files/ultrazed_3eg_iocc_es1/1.0/board.xml as part xczu3eg-sfva625-1-i-es1 specified in board_part file is either invalid or not available
WARNING: [Board 49-26] cannot add Board Part em.avnet.com:ultrazed_eg_pciecc:part0:1.0 available at /tools1/Xilinx/Vivado/2020.2/data/boards/board_files/ultrazed_3eg_pciecc_es1/1.0/board.xml as part xczu3eg-sfva625-1-i-es1 specified in board_part file is either invalid or not available
WARNING: [Board 49-26] cannot add Board Part em.avnet.com:ultrazed_eg_som:part0:1.0 available at /tools1/Xilinx/Vivado/2020.2/data/boards/board_files/ultrazed_3eg_som_es1/1.0/board.xml as part xczu3eg-sfva625-1-i-es1 specified in board_part file is either invalid or not available
WARNING: [Board 49-26] cannot add Board Part em.avnet.com:ultrazed_ev_som_es2:part0:1.1 available at /tools1/Xilinx/Vivado/2020.2/data/boards/board_files/ultrazed_7ev_som_es2/1.1/board.xml as part xczu7ev-fbvb900-1-i-es2 specified in board_part file is either invalid or not available
WARNING: [Board 49-26] cannot add Board Part em.avnet.com:ultrazed_7ev_cc_es2:part0:1.1 available at /tools1/Xilinx/Vivado/2020.2/data/boards/board_files/ultrazed_7ev_cc_es2/1.1/board.xml as part xczu7ev-fbvb900-1-i-es2 specified in board_part file is either invalid or not available
WARNING: [Board 49-26] cannot add Board Part em.avnet.com:ultrazed_eg_iocc:part0:1.0 available at /tools1/Xilinx/Vivado/2020.2/data/boards/board_files/ultrazed_3eg_iocc_es1/1.0/board.xml as part xczu3eg-sfva625-1-i-es1 specified in board_part file is either invalid or not available
WARNING: [Board 49-26] cannot add Board Part em.avnet.com:ultrazed_eg_pciecc:part0:1.0 available at /tools1/Xilinx/Vivado/2020.2/data/boards/board_files/ultrazed_3eg_pciecc_es1/1.0/board.xml as part xczu3eg-sfva625-1-i-es1 specified in board_part file is either invalid or not available
WARNING: [Board 49-26] cannot add Board Part em.avnet.com:ultrazed_eg_som:part0:1.0 available at /tools1/Xilinx/Vivado/2020.2/data/boards/board_files/ultrazed_3eg_som_es1/1.0/board.xml as part xczu3eg-sfva625-1-i-es1 specified in board_part file is either invalid or not available
WARNING: [Board 49-26] cannot add Board Part em.avnet.com:ultrazed_ev_som_es2:part0:1.1 available at /tools1/Xilinx/Vivado/2020.2/data/boards/board_files/ultrazed_7ev_som_es2/1.1/board.xml as part xczu7ev-fbvb900-1-i-es2 specified in board_part file is either invalid or not available
WARNING: [Board 49-26] cannot add Board Part em.avnet.com:ultrazed_7ev_cc_es2:part0:1.1 available at /tools1/Xilinx/Vivado/2020.2/data/boards/board_files/ultrazed_7ev_cc_es2/1.1/board.xml as part xczu7ev-fbvb900-1-i-es2 specified in board_part file is either invalid or not available
WARNING: [Board 49-26] cannot add Board Part em.avnet.com:ultrazed_eg_iocc:part0:1.0 available at /tools1/Xilinx/Vivado/2020.2/data/boards/board_files/ultrazed_3eg_iocc_es1/1.0/board.xml as part xczu3eg-sfva625-1-i-es1 specified in board_part file is either invalid or not available
WARNING: [Board 49-26] cannot add Board Part em.avnet.com:ultrazed_eg_pciecc:part0:1.0 available at /tools1/Xilinx/Vivado/2020.2/data/boards/board_files/ultrazed_3eg_pciecc_es1/1.0/board.xml as part xczu3eg-sfva625-1-i-es1 specified in board_part file is either invalid or not available
WARNING: [Board 49-26] cannot add Board Part em.avnet.com:ultrazed_eg_som:part0:1.0 available at /tools1/Xilinx/Vivado/2020.2/data/boards/board_files/ultrazed_3eg_som_es1/1.0/board.xml as part xczu3eg-sfva625-1-i-es1 specified in board_part file is either invalid or not available
WARNING: [Board 49-26] cannot add Board Part em.avnet.com:ultrazed_ev_som_es2:part0:1.1 available at /tools1/Xilinx/Vivado/2020.2/data/boards/board_files/ultrazed_7ev_som_es2/1.1/board.xml as part xczu7ev-fbvb900-1-i-es2 specified in board_part file is either invalid or not available
WARNING: [Board 49-26] cannot add Board Part em.avnet.com:ultrazed_7ev_cc_es2:part0:1.1 available at /tools1/Xilinx/Vivado/2020.2/data/boards/board_files/ultrazed_7ev_cc_es2/1.1/board.xml as part xczu7ev-fbvb900-1-i-es2 specified in board_part file is either invalid or not available
WARNING: [Board 49-26] cannot add Board Part em.avnet.com:ultrazed_eg_iocc:part0:1.0 available at /tools1/Xilinx/Vivado/2020.2/data/boards/board_files/ultrazed_3eg_iocc_es1/1.0/board.xml as part xczu3eg-sfva625-1-i-es1 specified in board_part file is either invalid or not available
WARNING: [Board 49-26] cannot add Board Part em.avnet.com:ultrazed_eg_pciecc:part0:1.0 available at /tools1/Xilinx/Vivado/2020.2/data/boards/board_files/ultrazed_3eg_pciecc_es1/1.0/board.xml as part xczu3eg-sfva625-1-i-es1 specified in board_part file is either invalid or not available
WARNING: [Board 49-26] cannot add Board Part em.avnet.com:ultrazed_eg_som:part0:1.0 available at /tools1/Xilinx/Vivado/2020.2/data/boards/board_files/ultrazed_3eg_som_es1/1.0/board.xml as part xczu3eg-sfva625-1-i-es1 specified in board_part file is either invalid or not available
WARNING: [Board 49-26] cannot add Board Part em.avnet.com:ultrazed_ev_som_es2:part0:1.1 available at /tools1/Xilinx/Vivado/2020.2/data/boards/board_files/ultrazed_7ev_som_es2/1.1/board.xml as part xczu7ev-fbvb900-1-i-es2 specified in board_part file is either invalid or not available
WARNING: [Board 49-26] cannot add Board Part em.avnet.com:ultrazed_7ev_cc_es2:part0:1.1 available at /tools1/Xilinx/Vivado/2020.2/data/boards/board_files/ultrazed_7ev_cc_es2/1.1/board.xml as part xczu7ev-fbvb900-1-i-es2 specified in board_part file is either invalid or not available
WARNING: [Board 49-26] cannot add Board Part em.avnet.com:ultrazed_eg_iocc:part0:1.0 available at /tools1/Xilinx/Vivado/2020.2/data/boards/board_files/ultrazed_3eg_iocc_es1/1.0/board.xml as part xczu3eg-sfva625-1-i-es1 specified in board_part file is either invalid or not available
WARNING: [Board 49-26] cannot add Board Part em.avnet.com:ultrazed_eg_pciecc:part0:1.0 available at /tools1/Xilinx/Vivado/2020.2/data/boards/board_files/ultrazed_3eg_pciecc_es1/1.0/board.xml as part xczu3eg-sfva625-1-i-es1 specified in board_part file is either invalid or not available
WARNING: [Board 49-26] cannot add Board Part em.avnet.com:ultrazed_eg_som:part0:1.0 available at /tools1/Xilinx/Vivado/2020.2/data/boards/board_files/ultrazed_3eg_som_es1/1.0/board.xml as part xczu3eg-sfva625-1-i-es1 specified in board_part file is either invalid or not available
WARNING: [Board 49-26] cannot add Board Part em.avnet.com:ultrazed_ev_som_es2:part0:1.1 available at /tools1/Xilinx/Vivado/2020.2/data/boards/board_files/ultrazed_7ev_som_es2/1.1/board.xml as part xczu7ev-fbvb900-1-i-es2 specified in board_part file is either invalid or not available
WARNING: [Board 49-26] cannot add Board Part em.avnet.com:ultrazed_7ev_cc_es2:part0:1.1 available at /tools1/Xilinx/Vivado/2020.2/data/boards/board_files/ultrazed_7ev_cc_es2/1.1/board.xml as part xczu7ev-fbvb900-1-i-es2 specified in board_part file is either invalid or not available
WARNING: [Board 49-26] cannot add Board Part em.avnet.com:ultrazed_eg_iocc:part0:1.0 available at /tools1/Xilinx/Vivado/2020.2/data/boards/board_files/ultrazed_3eg_iocc_es1/1.0/board.xml as part xczu3eg-sfva625-1-i-es1 specified in board_part file is either invalid or not available
WARNING: [Board 49-26] cannot add Board Part em.avnet.com:ultrazed_eg_pciecc:part0:1.0 available at /tools1/Xilinx/Vivado/2020.2/data/boards/board_files/ultrazed_3eg_pciecc_es1/1.0/board.xml as part xczu3eg-sfva625-1-i-es1 specified in board_part file is either invalid or not available
WARNING: [Board 49-26] cannot add Board Part em.avnet.com:ultrazed_eg_som:part0:1.0 available at /tools1/Xilinx/Vivado/2020.2/data/boards/board_files/ultrazed_3eg_som_es1/1.0/board.xml as part xczu3eg-sfva625-1-i-es1 specified in board_part file is either invalid or not available
WARNING: [Board 49-26] cannot add Board Part em.avnet.com:ultrazed_ev_som_es2:part0:1.1 available at /tools1/Xilinx/Vivado/2020.2/data/boards/board_files/ultrazed_7ev_som_es2/1.1/board.xml as part xczu7ev-fbvb900-1-i-es2 specified in board_part file is either invalid or not available
WARNING: [Board 49-26] cannot add Board Part em.avnet.com:ultrazed_7ev_cc_es2:part0:1.1 available at /tools1/Xilinx/Vivado/2020.2/data/boards/board_files/ultrazed_7ev_cc_es2/1.1/board.xml as part xczu7ev-fbvb900-1-i-es2 specified in board_part file is either invalid or not available
WARNING: [Board 49-26] cannot add Board Part em.avnet.com:ultrazed_eg_iocc:part0:1.0 available at /tools1/Xilinx/Vivado/2020.2/data/boards/board_files/ultrazed_3eg_iocc_es1/1.0/board.xml as part xczu3eg-sfva625-1-i-es1 specified in board_part file is either invalid or not available
WARNING: [Board 49-26] cannot add Board Part em.avnet.com:ultrazed_eg_pciecc:part0:1.0 available at /tools1/Xilinx/Vivado/2020.2/data/boards/board_files/ultrazed_3eg_pciecc_es1/1.0/board.xml as part xczu3eg-sfva625-1-i-es1 specified in board_part file is either invalid or not available
WARNING: [Board 49-26] cannot add Board Part em.avnet.com:ultrazed_eg_som:part0:1.0 available at /tools1/Xilinx/Vivado/2020.2/data/boards/board_files/ultrazed_3eg_som_es1/1.0/board.xml as part xczu3eg-sfva625-1-i-es1 specified in board_part file is either invalid or not available
WARNING: [Board 49-26] cannot add Board Part em.avnet.com:ultrazed_ev_som_es2:part0:1.1 available at /tools1/Xilinx/Vivado/2020.2/data/boards/board_files/ultrazed_7ev_som_es2/1.1/board.xml as part xczu7ev-fbvb900-1-i-es2 specified in board_part file is either invalid or not available
WARNING: [Board 49-26] cannot add Board Part em.avnet.com:ultrazed_7ev_cc_es2:part0:1.1 available at /tools1/Xilinx/Vivado/2020.2/data/boards/board_files/ultrazed_7ev_cc_es2/1.1/board.xml as part xczu7ev-fbvb900-1-i-es2 specified in board_part file is either invalid or not available
WARNING: [Board 49-26] cannot add Board Part em.avnet.com:ultrazed_eg_iocc:part0:1.0 available at /tools1/Xilinx/Vivado/2020.2/data/boards/board_files/ultrazed_3eg_iocc_es1/1.0/board.xml as part xczu3eg-sfva625-1-i-es1 specified in board_part file is either invalid or not available
WARNING: [Board 49-26] cannot add Board Part em.avnet.com:ultrazed_eg_pciecc:part0:1.0 available at /tools1/Xilinx/Vivado/2020.2/data/boards/board_files/ultrazed_3eg_pciecc_es1/1.0/board.xml as part xczu3eg-sfva625-1-i-es1 specified in board_part file is either invalid or not available
WARNING: [Board 49-26] cannot add Board Part em.avnet.com:ultrazed_eg_som:part0:1.0 available at /tools1/Xilinx/Vivado/2020.2/data/boards/board_files/ultrazed_3eg_som_es1/1.0/board.xml as part xczu3eg-sfva625-1-i-es1 specified in board_part file is either invalid or not available
WARNING: [Board 49-26] cannot add Board Part em.avnet.com:ultrazed_ev_som_es2:part0:1.1 available at /tools1/Xilinx/Vivado/2020.2/data/boards/board_files/ultrazed_7ev_som_es2/1.1/board.xml as part xczu7ev-fbvb900-1-i-es2 specified in board_part file is either invalid or not available
WARNING: [Board 49-26] cannot add Board Part em.avnet.com:ultrazed_7ev_cc_es2:part0:1.1 available at /tools1/Xilinx/Vivado/2020.2/data/boards/board_files/ultrazed_7ev_cc_es2/1.1/board.xml as part xczu7ev-fbvb900-1-i-es2 specified in board_part file is either invalid or not available
WARNING: [Board 49-26] cannot add Board Part em.avnet.com:ultrazed_eg_iocc:part0:1.0 available at /tools1/Xilinx/Vivado/2020.2/data/boards/board_files/ultrazed_3eg_iocc_es1/1.0/board.xml as part xczu3eg-sfva625-1-i-es1 specified in board_part file is either invalid or not available
WARNING: [Board 49-26] cannot add Board Part em.avnet.com:ultrazed_eg_pciecc:part0:1.0 available at /tools1/Xilinx/Vivado/2020.2/data/boards/board_files/ultrazed_3eg_pciecc_es1/1.0/board.xml as part xczu3eg-sfva625-1-i-es1 specified in board_part file is either invalid or not available
WARNING: [Board 49-26] cannot add Board Part em.avnet.com:ultrazed_eg_som:part0:1.0 available at /tools1/Xilinx/Vivado/2020.2/data/boards/board_files/ultrazed_3eg_som_es1/1.0/board.xml as part xczu3eg-sfva625-1-i-es1 specified in board_part file is either invalid or not available
WARNING: [Board 49-26] cannot add Board Part em.avnet.com:ultrazed_ev_som_es2:part0:1.1 available at /tools1/Xilinx/Vivado/2020.2/data/boards/board_files/ultrazed_7ev_som_es2/1.1/board.xml as part xczu7ev-fbvb900-1-i-es2 specified in board_part file is either invalid or not available
WARNING: [Board 49-26] cannot add Board Part em.avnet.com:ultrazed_7ev_cc_es2:part0:1.1 available at /tools1/Xilinx/Vivado/2020.2/data/boards/board_files/ultrazed_7ev_cc_es2/1.1/board.xml as part xczu7ev-fbvb900-1-i-es2 specified in board_part file is either invalid or not available
WARNING: [Board 49-26] cannot add Board Part em.avnet.com:ultrazed_eg_iocc:part0:1.0 available at /tools1/Xilinx/Vivado/2020.2/data/boards/board_files/ultrazed_3eg_iocc_es1/1.0/board.xml as part xczu3eg-sfva625-1-i-es1 specified in board_part file is either invalid or not available
WARNING: [Board 49-26] cannot add Board Part em.avnet.com:ultrazed_eg_pciecc:part0:1.0 available at /tools1/Xilinx/Vivado/2020.2/data/boards/board_files/ultrazed_3eg_pciecc_es1/1.0/board.xml as part xczu3eg-sfva625-1-i-es1 specified in board_part file is either invalid or not available
WARNING: [Board 49-26] cannot add Board Part em.avnet.com:ultrazed_eg_som:part0:1.0 available at /tools1/Xilinx/Vivado/2020.2/data/boards/board_files/ultrazed_3eg_som_es1/1.0/board.xml as part xczu3eg-sfva625-1-i-es1 specified in board_part file is either invalid or not available
WARNING: [Board 49-26] cannot add Board Part em.avnet.com:ultrazed_ev_som_es2:part0:1.1 available at /tools1/Xilinx/Vivado/2020.2/data/boards/board_files/ultrazed_7ev_som_es2/1.1/board.xml as part xczu7ev-fbvb900-1-i-es2 specified in board_part file is either invalid or not available
WARNING: [Board 49-26] cannot add Board Part em.avnet.com:ultrazed_7ev_cc_es2:part0:1.1 available at /tools1/Xilinx/Vivado/2020.2/data/boards/board_files/ultrazed_7ev_cc_es2/1.1/board.xml as part xczu7ev-fbvb900-1-i-es2 specified in board_part file is either invalid or not available
WARNING: [Board 49-26] cannot add Board Part em.avnet.com:ultrazed_eg_iocc:part0:1.0 available at /tools1/Xilinx/Vivado/2020.2/data/boards/board_files/ultrazed_3eg_iocc_es1/1.0/board.xml as part xczu3eg-sfva625-1-i-es1 specified in board_part file is either invalid or not available
WARNING: [Board 49-26] cannot add Board Part em.avnet.com:ultrazed_eg_pciecc:part0:1.0 available at /tools1/Xilinx/Vivado/2020.2/data/boards/board_files/ultrazed_3eg_pciecc_es1/1.0/board.xml as part xczu3eg-sfva625-1-i-es1 specified in board_part file is either invalid or not available
WARNING: [Board 49-26] cannot add Board Part em.avnet.com:ultrazed_eg_som:part0:1.0 available at /tools1/Xilinx/Vivado/2020.2/data/boards/board_files/ultrazed_3eg_som_es1/1.0/board.xml as part xczu3eg-sfva625-1-i-es1 specified in board_part file is either invalid or not available
WARNING: [Board 49-26] cannot add Board Part em.avnet.com:ultrazed_ev_som_es2:part0:1.1 available at /tools1/Xilinx/Vivado/2020.2/data/boards/board_files/ultrazed_7ev_som_es2/1.1/board.xml as part xczu7ev-fbvb900-1-i-es2 specified in board_part file is either invalid or not available
WARNING: [Board 49-26] cannot add Board Part em.avnet.com:ultrazed_7ev_cc_es2:part0:1.1 available at /tools1/Xilinx/Vivado/2020.2/data/boards/board_files/ultrazed_7ev_cc_es2/1.1/board.xml as part xczu7ev-fbvb900-1-i-es2 specified in board_part file is either invalid or not available
WARNING: [Board 49-26] cannot add Board Part em.avnet.com:ultrazed_eg_iocc:part0:1.0 available at /tools1/Xilinx/Vivado/2020.2/data/boards/board_files/ultrazed_3eg_iocc_es1/1.0/board.xml as part xczu3eg-sfva625-1-i-es1 specified in board_part file is either invalid or not available
WARNING: [Board 49-26] cannot add Board Part em.avnet.com:ultrazed_eg_pciecc:part0:1.0 available at /tools1/Xilinx/Vivado/2020.2/data/boards/board_files/ultrazed_3eg_pciecc_es1/1.0/board.xml as part xczu3eg-sfva625-1-i-es1 specified in board_part file is either invalid or not available
WARNING: [Board 49-26] cannot add Board Part em.avnet.com:ultrazed_eg_som:part0:1.0 available at /tools1/Xilinx/Vivado/2020.2/data/boards/board_files/ultrazed_3eg_som_es1/1.0/board.xml as part xczu3eg-sfva625-1-i-es1 specified in board_part file is either invalid or not available
WARNING: [Board 49-26] cannot add Board Part em.avnet.com:ultrazed_ev_som_es2:part0:1.1 available at /tools1/Xilinx/Vivado/2020.2/data/boards/board_files/ultrazed_7ev_som_es2/1.1/board.xml as part xczu7ev-fbvb900-1-i-es2 specified in board_part file is either invalid or not available
WARNING: [Board 49-26] cannot add Board Part em.avnet.com:ultrazed_7ev_cc_es2:part0:1.1 available at /tools1/Xilinx/Vivado/2020.2/data/boards/board_files/ultrazed_7ev_cc_es2/1.1/board.xml as part xczu7ev-fbvb900-1-i-es2 specified in board_part file is either invalid or not available
WARNING: [Board 49-26] cannot add Board Part em.avnet.com:ultrazed_eg_iocc:part0:1.0 available at /tools1/Xilinx/Vivado/2020.2/data/boards/board_files/ultrazed_3eg_iocc_es1/1.0/board.xml as part xczu3eg-sfva625-1-i-es1 specified in board_part file is either invalid or not available
WARNING: [Board 49-26] cannot add Board Part em.avnet.com:ultrazed_eg_pciecc:part0:1.0 available at /tools1/Xilinx/Vivado/2020.2/data/boards/board_files/ultrazed_3eg_pciecc_es1/1.0/board.xml as part xczu3eg-sfva625-1-i-es1 specified in board_part file is either invalid or not available
WARNING: [Board 49-26] cannot add Board Part em.avnet.com:ultrazed_eg_som:part0:1.0 available at /tools1/Xilinx/Vivado/2020.2/data/boards/board_files/ultrazed_3eg_som_es1/1.0/board.xml as part xczu3eg-sfva625-1-i-es1 specified in board_part file is either invalid or not available
WARNING: [Board 49-26] cannot add Board Part em.avnet.com:ultrazed_ev_som_es2:part0:1.1 available at /tools1/Xilinx/Vivado/2020.2/data/boards/board_files/ultrazed_7ev_som_es2/1.1/board.xml as part xczu7ev-fbvb900-1-i-es2 specified in board_part file is either invalid or not available
WARNING: [Board 49-26] cannot add Board Part em.avnet.com:ultrazed_7ev_cc_es2:part0:1.1 available at /tools1/Xilinx/Vivado/2020.2/data/boards/board_files/ultrazed_7ev_cc_es2/1.1/board.xml as part xczu7ev-fbvb900-1-i-es2 specified in board_part file is either invalid or not available
WARNING: [Board 49-26] cannot add Board Part em.avnet.com:ultrazed_eg_iocc:part0:1.0 available at /tools1/Xilinx/Vivado/2020.2/data/boards/board_files/ultrazed_3eg_iocc_es1/1.0/board.xml as part xczu3eg-sfva625-1-i-es1 specified in board_part file is either invalid or not available
WARNING: [Board 49-26] cannot add Board Part em.avnet.com:ultrazed_eg_pciecc:part0:1.0 available at /tools1/Xilinx/Vivado/2020.2/data/boards/board_files/ultrazed_3eg_pciecc_es1/1.0/board.xml as part xczu3eg-sfva625-1-i-es1 specified in board_part file is either invalid or not available
WARNING: [Board 49-26] cannot add Board Part em.avnet.com:ultrazed_eg_som:part0:1.0 available at /tools1/Xilinx/Vivado/2020.2/data/boards/board_files/ultrazed_3eg_som_es1/1.0/board.xml as part xczu3eg-sfva625-1-i-es1 specified in board_part file is either invalid or not available
WARNING: [Board 49-26] cannot add Board Part em.avnet.com:ultrazed_ev_som_es2:part0:1.1 available at /tools1/Xilinx/Vivado/2020.2/data/boards/board_files/ultrazed_7ev_som_es2/1.1/board.xml as part xczu7ev-fbvb900-1-i-es2 specified in board_part file is either invalid or not available
WARNING: [Board 49-26] cannot add Board Part em.avnet.com:ultrazed_7ev_cc_es2:part0:1.1 available at /tools1/Xilinx/Vivado/2020.2/data/boards/board_files/ultrazed_7ev_cc_es2/1.1/board.xml as part xczu7ev-fbvb900-1-i-es2 specified in board_part file is either invalid or not available
WARNING: [Board 49-26] cannot add Board Part em.avnet.com:ultrazed_eg_iocc:part0:1.0 available at /tools1/Xilinx/Vivado/2020.2/data/boards/board_files/ultrazed_3eg_iocc_es1/1.0/board.xml as part xczu3eg-sfva625-1-i-es1 specified in board_part file is either invalid or not available
WARNING: [Board 49-26] cannot add Board Part em.avnet.com:ultrazed_eg_pciecc:part0:1.0 available at /tools1/Xilinx/Vivado/2020.2/data/boards/board_files/ultrazed_3eg_pciecc_es1/1.0/board.xml as part xczu3eg-sfva625-1-i-es1 specified in board_part file is either invalid or not available
WARNING: [Board 49-26] cannot add Board Part em.avnet.com:ultrazed_eg_som:part0:1.0 available at /tools1/Xilinx/Vivado/2020.2/data/boards/board_files/ultrazed_3eg_som_es1/1.0/board.xml as part xczu3eg-sfva625-1-i-es1 specified in board_part file is either invalid or not available
WARNING: [Board 49-26] cannot add Board Part em.avnet.com:ultrazed_ev_som_es2:part0:1.1 available at /tools1/Xilinx/Vivado/2020.2/data/boards/board_files/ultrazed_7ev_som_es2/1.1/board.xml as part xczu7ev-fbvb900-1-i-es2 specified in board_part file is either invalid or not available
create_project project_1 /home/sinoradaniels/pulpino/git/timer/synth/project_1 -part xczu3eg-sbva484-1-i
INFO: [IP_Flow 19-234] Refreshing IP repositories
INFO: [IP_Flow 19-1704] No user IP repositories specified
INFO: [IP_Flow 19-2313] Loaded Vivado IP repository '/tools1/Xilinx/Vivado/2020.2/data/ip'.
create_project: Time (s): cpu = 00:00:08 ; elapsed = 00:00:07 . Memory (MB): peak = 7444.133 ; gain = 0.000 ; free physical = 2725 ; free virtual = 11933
set_property board_part avnet.com:ultra96v2:part0:1.1 [current_project]
add_files -norecurse -scan_for_includes {/home/sinoradaniels/pulpino/git/timer/rtl/timer.sv /home/sinoradaniels/pulpino/git/timer/rtl/top_timer_led.sv /home/sinoradaniels/pulpino/git/timer/rtl/led_cntrl.sv}
update_compile_order -fileset sources_1
set_property SOURCE_SET sources_1 [get_filesets sim_1]
add_files -fileset sim_1 -norecurse -scan_for_includes /home/sinoradaniels/pulpino/git/timer/tb/tb_top_timer_led.sv
update_compile_order -fileset sim_1
update_compile_order -fileset sim_1
launch_simulation
Command: launch_simulation 
INFO: [Vivado 12-5682] Launching behavioral simulation in '/home/sinoradaniels/pulpino/git/timer/synth/project_1/project_1.sim/sim_1/behav/xsim'
INFO: [SIM-utils-51] Simulation object is 'sim_1'
INFO: [SIM-utils-54] Inspecting design source files for 'tb_top_timer_led' in fileset 'sim_1'...
INFO: [USF-XSim-97] Finding global include files...
INFO: [USF-XSim-98] Fetching design files from 'sim_1'...
INFO: [USF-XSim-2] XSim::Compile design
INFO: [USF-XSim-61] Executing 'COMPILE and ANALYZE' step in '/home/sinoradaniels/pulpino/git/timer/synth/project_1/project_1.sim/sim_1/behav/xsim'
xvlog --incr --relax -L uvm -prj tb_top_timer_led_vlog.prj
INFO: [VRFC 10-2263] Analyzing SystemVerilog file "/home/sinoradaniels/pulpino/git/timer/rtl/led_cntrl.sv" into library xil_defaultlib
INFO: [VRFC 10-311] analyzing module led_cntrl
INFO: [VRFC 10-2263] Analyzing SystemVerilog file "/home/sinoradaniels/pulpino/git/timer/rtl/timer.sv" into library xil_defaultlib
INFO: [VRFC 10-311] analyzing module timer
INFO: [VRFC 10-2263] Analyzing SystemVerilog file "/home/sinoradaniels/pulpino/git/timer/rtl/top_timer_led.sv" into library xil_defaultlib
INFO: [VRFC 10-311] analyzing module top_timer_led
INFO: [VRFC 10-2263] Analyzing SystemVerilog file "/home/sinoradaniels/pulpino/git/timer/tb/tb_top_timer_led.sv" into library xil_defaultlib
INFO: [VRFC 10-311] analyzing module tb_top_timer_led
INFO: [VRFC 10-2263] Analyzing Verilog file "/home/sinoradaniels/pulpino/git/timer/synth/project_1/project_1.sim/sim_1/behav/xsim/glbl.v" into library xil_defaultlib
INFO: [VRFC 10-311] analyzing module glbl
Waiting for jobs to finish...
No pending jobs, compilation finished.
INFO: [USF-XSim-69] 'compile' step finished in '2' seconds
INFO: [USF-XSim-3] XSim::Elaborate design
INFO: [USF-XSim-61] Executing 'ELABORATE' step in '/home/sinoradaniels/pulpino/git/timer/synth/project_1/project_1.sim/sim_1/behav/xsim'
xelab -wto 7e46292be67647cb8e10c038d9bf1ba8 --incr --debug typical --relax --mt 8 -L xil_defaultlib -L uvm -L unisims_ver -L unimacro_ver -L secureip --snapshot tb_top_timer_led_behav xil_defaultlib.tb_top_timer_led xil_defaultlib.glbl -log elaborate.log
Vivado Simulator 2020.2
Copyright 1986-1999, 2001-2020 Xilinx, Inc. All Rights Reserved.
Running: /tools1/Xilinx/Vivado/2020.2/bin/unwrapped/lnx64.o/xelab -wto 7e46292be67647cb8e10c038d9bf1ba8 --incr --debug typical --relax --mt 8 -L xil_defaultlib -L uvm -L unisims_ver -L unimacro_ver -L secureip --snapshot tb_top_timer_led_behav xil_defaultlib.tb_top_timer_led xil_defaultlib.glbl -log elaborate.log 
Using 8 slave threads.
Starting static elaboration
Pass Through NonSizing Optimizer
Completed static elaboration
Starting simulation data flow analysis
WARNING: [XSIM 43-4099] "/home/sinoradaniels/pulpino/git/timer/rtl/top_timer_led.sv" Line 1. Module top_timer_led doesn't have a timescale but at least one module in design has a timescale.
WARNING: [XSIM 43-4099] "/home/sinoradaniels/pulpino/git/timer/rtl/timer.sv" Line 1. Module timer doesn't have a timescale but at least one module in design has a timescale.
WARNING: [XSIM 43-4099] "/home/sinoradaniels/pulpino/git/timer/rtl/led_cntrl.sv" Line 1. Module led_cntrl doesn't have a timescale but at least one module in design has a timescale.
WARNING: [XSIM 43-4099] "/home/sinoradaniels/pulpino/git/timer/rtl/top_timer_led.sv" Line 1. Module top_timer_led doesn't have a timescale but at least one module in design has a timescale.
WARNING: [XSIM 43-4099] "/home/sinoradaniels/pulpino/git/timer/rtl/timer.sv" Line 1. Module timer doesn't have a timescale but at least one module in design has a timescale.
WARNING: [XSIM 43-4099] "/home/sinoradaniels/pulpino/git/timer/rtl/led_cntrl.sv" Line 1. Module led_cntrl doesn't have a timescale but at least one module in design has a timescale.
Completed simulation data flow analysis
Time Resolution for simulation is 1ps
Compiling module xil_defaultlib.timer
Compiling module xil_defaultlib.led_cntrl
Compiling module xil_defaultlib.top_timer_led
Compiling module xil_defaultlib.tb_top_timer_led
Compiling module xil_defaultlib.glbl
Built simulation snapshot tb_top_timer_led_behav

****** Webtalk v2020.2 (64-bit)
  **** SW Build 3064766 on Wed Nov 18 09:12:47 MST 2020
  **** IP Build 3064653 on Wed Nov 18 14:17:31 MST 2020
    ** Copyright 1986-2020 Xilinx, Inc. All Rights Reserved.

source /home/sinoradaniels/pulpino/git/timer/synth/project_1/project_1.sim/sim_1/behav/xsim/xsim.dir/tb_top_timer_led_behav/webtalk/xsim_webtalk.tcl -notrace
INFO: [Common 17-206] Exiting Webtalk at Wed Jul 17 14:56:19 2024...
INFO: [USF-XSim-69] 'elaborate' step finished in '4' seconds
INFO: [USF-XSim-4] XSim::Simulate design
INFO: [USF-XSim-61] Executing 'SIMULATE' step in '/home/sinoradaniels/pulpino/git/timer/synth/project_1/project_1.sim/sim_1/behav/xsim'
INFO: [USF-XSim-98] *** Running xsim
   with args "tb_top_timer_led_behav -key {Behavioral:sim_1:Functional:tb_top_timer_led} -tclbatch {tb_top_timer_led.tcl} -log {simulate.log}"
INFO: [USF-XSim-8] Loading simulator feature
Vivado Simulator 2020.2
Time resolution is 1 ps
source tb_top_timer_led.tcl
# set curr_wave [current_wave_config]
# if { [string length $curr_wave] == 0 } {
#   if { [llength [get_objects]] > 0} {
#     add_wave /
#     set_property needs_save false [current_wave_config]
#   } else {
#      send_msg_id Add_Wave-1 WARNING "No top level signals found. Simulator will start without a wave window. If you want to open a wave window go to 'File->New Waveform Configuration' or type 'create_wave_config' in the TCL console."
#   }
# }
# run 1000ns
xsim: Time (s): cpu = 00:00:05 ; elapsed = 00:00:05 . Memory (MB): peak = 7598.980 ; gain = 83.852 ; free physical = 4248 ; free virtual = 11935
INFO: [USF-XSim-96] XSim completed. Design snapshot 'tb_top_timer_led_behav' loaded.
INFO: [USF-XSim-97] XSim simulation ran for 1000ns
launch_simulation: Time (s): cpu = 00:00:12 ; elapsed = 00:00:12 . Memory (MB): peak = 7598.980 ; gain = 92.812 ; free physical = 4249 ; free virtual = 11935
current_wave_config {Untitled 1}
Untitled 1
add_wave {{/tb_top_timer_led/top_timer_led_inst/timer_inst}} 
add_wave: Time (s): cpu = 00:00:00.56 ; elapsed = 00:00:08 . Memory (MB): peak = 7598.980 ; gain = 0.000 ; free physical = 4244 ; free virtual = 11947
current_wave_config {Untitled 1}
Untitled 1
add_wave {{/tb_top_timer_led/top_timer_led_inst/led_cntrl_inst}} 
save_wave_config {/home/sinoradaniels/pulpino/git/timer/synth/project_1/timer_led_behav.wcfg}
add_files -fileset sim_1 -norecurse /home/sinoradaniels/pulpino/git/timer/synth/project_1/timer_led_behav.wcfg
set_property xsim.view /home/sinoradaniels/pulpino/git/timer/synth/project_1/timer_led_behav.wcfg [get_filesets sim_1]
relaunch_sim
Command: launch_simulation -simset sim_1 -mode behavioral
INFO: [Vivado 12-5682] Launching behavioral simulation in '/home/sinoradaniels/pulpino/git/timer/synth/project_1/project_1.sim/sim_1/behav/xsim'
INFO: [SIM-utils-51] Simulation object is 'sim_1'
INFO: [SIM-utils-54] Inspecting design source files for 'tb_top_timer_led' in fileset 'sim_1'...
INFO: [USF-XSim-97] Finding global include files...
INFO: [USF-XSim-98] Fetching design files from 'sim_1'...
INFO: [USF-XSim-2] XSim::Compile design
INFO: [USF-XSim-61] Executing 'COMPILE and ANALYZE' step in '/home/sinoradaniels/pulpino/git/timer/synth/project_1/project_1.sim/sim_1/behav/xsim'
xvlog --incr --relax -L uvm -prj tb_top_timer_led_vlog.prj
Waiting for jobs to finish...
No pending jobs, compilation finished.
INFO: [USF-XSim-69] 'compile' step finished in '1' seconds
Command: launch_simulation -simset sim_1 -mode behavioral
INFO: [Vivado 12-5682] Launching behavioral simulation in '/home/sinoradaniels/pulpino/git/timer/synth/project_1/project_1.sim/sim_1/behav/xsim'
INFO: [USF-XSim-3] XSim::Elaborate design
INFO: [USF-XSim-61] Executing 'ELABORATE' step in '/home/sinoradaniels/pulpino/git/timer/synth/project_1/project_1.sim/sim_1/behav/xsim'
xelab -wto 7e46292be67647cb8e10c038d9bf1ba8 --incr --debug typical --relax --mt 8 -L xil_defaultlib -L uvm -L unisims_ver -L unimacro_ver -L secureip --snapshot tb_top_timer_led_behav xil_defaultlib.tb_top_timer_led xil_defaultlib.glbl -log elaborate.log
Vivado Simulator 2020.2
Copyright 1986-1999, 2001-2020 Xilinx, Inc. All Rights Reserved.
Running: /tools1/Xilinx/Vivado/2020.2/bin/unwrapped/lnx64.o/xelab -wto 7e46292be67647cb8e10c038d9bf1ba8 --incr --debug typical --relax --mt 8 -L xil_defaultlib -L uvm -L unisims_ver -L unimacro_ver -L secureip --snapshot tb_top_timer_led_behav xil_defaultlib.tb_top_timer_led xil_defaultlib.glbl -log elaborate.log 
Using 8 slave threads.
Starting static elaboration
Pass Through NonSizing Optimizer
Completed static elaboration
INFO: [XSIM 43-4323] No Change in HDL. Linking previously generated obj files to create kernel
INFO: [USF-XSim-69] 'elaborate' step finished in '1' seconds
Vivado Simulator 2020.2
Time resolution is 1 ps
relaunch_sim: Time (s): cpu = 00:00:08 ; elapsed = 00:00:09 . Memory (MB): peak = 7598.980 ; gain = 0.000 ; free physical = 4115 ; free virtual = 11936
run 10 ms
run: Time (s): cpu = 00:00:04 ; elapsed = 00:00:05 . Memory (MB): peak = 7598.980 ; gain = 0.000 ; free physical = 4022 ; free virtual = 11933
save_wave_config {/home/sinoradaniels/pulpino/git/timer/synth/project_1/timer_led_behav.wcfg}
close_sim
INFO: [Simtcl 6-16] Simulation closed
close_sim: Time (s): cpu = 00:00:04 ; elapsed = 00:00:13 . Memory (MB): peak = 7598.980 ; gain = 0.000 ; free physical = 3677 ; free virtual = 11908
launch_runs impl_1 -jobs 4
[Wed Jul 17 14:59:54 2024] Launched synth_1...
Run output will be captured here: /home/sinoradaniels/pulpino/git/timer/synth/project_1/project_1.runs/synth_1/runme.log
[Wed Jul 17 14:59:54 2024] Launched impl_1...
Run output will be captured here: /home/sinoradaniels/pulpino/git/timer/synth/project_1/project_1.runs/impl_1/runme.log
exit
INFO: [Common 17-206] Exiting Vivado at Wed Jul 17 15:04:19 2024...
