#-----------------------------------------------------------
# Vivado v2020.2 (64-bit)
# SW Build 3064766 on Wed Nov 18 09:12:47 MST 2020
# IP Build 3064653 on Wed Nov 18 14:17:31 MST 2020
# Start of session at: Mon Jul 15 18:45:41 2024
# Process ID: 19436
# Current directory: /home/pradeepjairam/ramanujamIP/other_rnd/fpga_demo_escalator/escalator_fsm_4floor/synth
# Command line: vivado
# Log file: /home/pradeepjairam/ramanujamIP/other_rnd/fpga_demo_escalator/escalator_fsm_4floor/synth/vivado.log
# Journal file: /home/pradeepjairam/ramanujamIP/other_rnd/fpga_demo_escalator/escalator_fsm_4floor/synth/vivado.jou
#-----------------------------------------------------------
start_gui
open_project /home/pradeepjairam/ramanujamIP/other_rnd/fpga_demo_escalator/escalator_fsm_4floor/synth/es_tb/es_tb.xpr
WARNING: [filemgmt 56-3] Default IP Output Path : Could not find the directory '/home/pradeepjairam/ramanujamIP/other_rnd/fpga_demo_escalator/escalator_fsm_4floor/synth/es_tb/es_tb.gen/sources_1'.
Scanning sources...
Finished scanning sources
INFO: [IP_Flow 19-234] Refreshing IP repositories
INFO: [IP_Flow 19-1704] No user IP repositories specified
INFO: [IP_Flow 19-2313] Loaded Vivado IP repository '/tools1/Xilinx/Vivado/2020.2/data/ip'.
open_project: Time (s): cpu = 00:00:18 ; elapsed = 00:00:09 . Memory (MB): peak = 7401.316 ; gain = 55.098 ; free physical = 3892 ; free virtual = 11055
update_compile_order -fileset sources_1
WARNING: [Board 49-26] cannot add Board Part em.avnet.com:ultrazed_7ev_cc_es2:part0:1.1 available at /tools1/Xilinx/Vivado/2020.2/data/boards/board_files/ultrazed_7ev_cc_es2/1.1/board.xml as part xczu7ev-fbvb900-1-i-es2 specified in board_part file is either invalid or not available
WARNING: [Board 49-26] cannot add Board Part em.avnet.com:ultrazed_eg_iocc:part0:1.0 available at /tools1/Xilinx/Vivado/2020.2/data/boards/board_files/ultrazed_3eg_iocc_es1/1.0/board.xml as part xczu3eg-sfva625-1-i-es1 specified in board_part file is either invalid or not available
WARNING: [Board 49-26] cannot add Board Part em.avnet.com:ultrazed_eg_pciecc:part0:1.0 available at /tools1/Xilinx/Vivado/2020.2/data/boards/board_files/ultrazed_3eg_pciecc_es1/1.0/board.xml as part xczu3eg-sfva625-1-i-es1 specified in board_part file is either invalid or not available
WARNING: [Board 49-26] cannot add Board Part em.avnet.com:ultrazed_eg_som:part0:1.0 available at /tools1/Xilinx/Vivado/2020.2/data/boards/board_files/ultrazed_3eg_som_es1/1.0/board.xml as part xczu3eg-sfva625-1-i-es1 specified in board_part file is either invalid or not available
WARNING: [Board 49-26] cannot add Board Part em.avnet.com:ultrazed_ev_som_es2:part0:1.1 available at /tools1/Xilinx/Vivado/2020.2/data/boards/board_files/ultrazed_7ev_som_es2/1.1/board.xml as part xczu7ev-fbvb900-1-i-es2 specified in board_part file is either invalid or not available
WARNING: [Board 49-26] cannot add Board Part em.avnet.com:ultrazed_7ev_cc_es2:part0:1.1 available at /tools1/Xilinx/Vivado/2020.2/data/boards/board_files/ultrazed_7ev_cc_es2/1.1/board.xml as part xczu7ev-fbvb900-1-i-es2 specified in board_part file is either invalid or not available
WARNING: [Board 49-26] cannot add Board Part em.avnet.com:ultrazed_eg_iocc:part0:1.0 available at /tools1/Xilinx/Vivado/2020.2/data/boards/board_files/ultrazed_3eg_iocc_es1/1.0/board.xml as part xczu3eg-sfva625-1-i-es1 specified in board_part file is either invalid or not available
WARNING: [Board 49-26] cannot add Board Part em.avnet.com:ultrazed_eg_pciecc:part0:1.0 available at /tools1/Xilinx/Vivado/2020.2/data/boards/board_files/ultrazed_3eg_pciecc_es1/1.0/board.xml as part xczu3eg-sfva625-1-i-es1 specified in board_part file is either invalid or not available
WARNING: [Board 49-26] cannot add Board Part em.avnet.com:ultrazed_eg_som:part0:1.0 available at /tools1/Xilinx/Vivado/2020.2/data/boards/board_files/ultrazed_3eg_som_es1/1.0/board.xml as part xczu3eg-sfva625-1-i-es1 specified in board_part file is either invalid or not available
WARNING: [Board 49-26] cannot add Board Part em.avnet.com:ultrazed_ev_som_es2:part0:1.1 available at /tools1/Xilinx/Vivado/2020.2/data/boards/board_files/ultrazed_7ev_som_es2/1.1/board.xml as part xczu7ev-fbvb900-1-i-es2 specified in board_part file is either invalid or not available
WARNING: [Board 49-26] cannot add Board Part em.avnet.com:ultrazed_7ev_cc_es2:part0:1.1 available at /tools1/Xilinx/Vivado/2020.2/data/boards/board_files/ultrazed_7ev_cc_es2/1.1/board.xml as part xczu7ev-fbvb900-1-i-es2 specified in board_part file is either invalid or not available
WARNING: [Board 49-26] cannot add Board Part em.avnet.com:ultrazed_eg_iocc:part0:1.0 available at /tools1/Xilinx/Vivado/2020.2/data/boards/board_files/ultrazed_3eg_iocc_es1/1.0/board.xml as part xczu3eg-sfva625-1-i-es1 specified in board_part file is either invalid or not available
WARNING: [Board 49-26] cannot add Board Part em.avnet.com:ultrazed_eg_pciecc:part0:1.0 available at /tools1/Xilinx/Vivado/2020.2/data/boards/board_files/ultrazed_3eg_pciecc_es1/1.0/board.xml as part xczu3eg-sfva625-1-i-es1 specified in board_part file is either invalid or not available
WARNING: [Board 49-26] cannot add Board Part em.avnet.com:ultrazed_eg_som:part0:1.0 available at /tools1/Xilinx/Vivado/2020.2/data/boards/board_files/ultrazed_3eg_som_es1/1.0/board.xml as part xczu3eg-sfva625-1-i-es1 specified in board_part file is either invalid or not available
WARNING: [Board 49-26] cannot add Board Part em.avnet.com:ultrazed_ev_som_es2:part0:1.1 available at /tools1/Xilinx/Vivado/2020.2/data/boards/board_files/ultrazed_7ev_som_es2/1.1/board.xml as part xczu7ev-fbvb900-1-i-es2 specified in board_part file is either invalid or not available
WARNING: [Board 49-26] cannot add Board Part em.avnet.com:ultrazed_7ev_cc_es2:part0:1.1 available at /tools1/Xilinx/Vivado/2020.2/data/boards/board_files/ultrazed_7ev_cc_es2/1.1/board.xml as part xczu7ev-fbvb900-1-i-es2 specified in board_part file is either invalid or not available
WARNING: [Board 49-26] cannot add Board Part em.avnet.com:ultrazed_eg_iocc:part0:1.0 available at /tools1/Xilinx/Vivado/2020.2/data/boards/board_files/ultrazed_3eg_iocc_es1/1.0/board.xml as part xczu3eg-sfva625-1-i-es1 specified in board_part file is either invalid or not available
WARNING: [Board 49-26] cannot add Board Part em.avnet.com:ultrazed_eg_pciecc:part0:1.0 available at /tools1/Xilinx/Vivado/2020.2/data/boards/board_files/ultrazed_3eg_pciecc_es1/1.0/board.xml as part xczu3eg-sfva625-1-i-es1 specified in board_part file is either invalid or not available
WARNING: [Board 49-26] cannot add Board Part em.avnet.com:ultrazed_eg_som:part0:1.0 available at /tools1/Xilinx/Vivado/2020.2/data/boards/board_files/ultrazed_3eg_som_es1/1.0/board.xml as part xczu3eg-sfva625-1-i-es1 specified in board_part file is either invalid or not available
WARNING: [Board 49-26] cannot add Board Part em.avnet.com:ultrazed_ev_som_es2:part0:1.1 available at /tools1/Xilinx/Vivado/2020.2/data/boards/board_files/ultrazed_7ev_som_es2/1.1/board.xml as part xczu7ev-fbvb900-1-i-es2 specified in board_part file is either invalid or not available
WARNING: [Board 49-26] cannot add Board Part em.avnet.com:ultrazed_7ev_cc_es2:part0:1.1 available at /tools1/Xilinx/Vivado/2020.2/data/boards/board_files/ultrazed_7ev_cc_es2/1.1/board.xml as part xczu7ev-fbvb900-1-i-es2 specified in board_part file is either invalid or not available
WARNING: [Board 49-26] cannot add Board Part em.avnet.com:ultrazed_eg_iocc:part0:1.0 available at /tools1/Xilinx/Vivado/2020.2/data/boards/board_files/ultrazed_3eg_iocc_es1/1.0/board.xml as part xczu3eg-sfva625-1-i-es1 specified in board_part file is either invalid or not available
WARNING: [Board 49-26] cannot add Board Part em.avnet.com:ultrazed_eg_pciecc:part0:1.0 available at /tools1/Xilinx/Vivado/2020.2/data/boards/board_files/ultrazed_3eg_pciecc_es1/1.0/board.xml as part xczu3eg-sfva625-1-i-es1 specified in board_part file is either invalid or not available
WARNING: [Board 49-26] cannot add Board Part em.avnet.com:ultrazed_eg_som:part0:1.0 available at /tools1/Xilinx/Vivado/2020.2/data/boards/board_files/ultrazed_3eg_som_es1/1.0/board.xml as part xczu3eg-sfva625-1-i-es1 specified in board_part file is either invalid or not available
WARNING: [Board 49-26] cannot add Board Part em.avnet.com:ultrazed_ev_som_es2:part0:1.1 available at /tools1/Xilinx/Vivado/2020.2/data/boards/board_files/ultrazed_7ev_som_es2/1.1/board.xml as part xczu7ev-fbvb900-1-i-es2 specified in board_part file is either invalid or not available
WARNING: [Board 49-26] cannot add Board Part em.avnet.com:ultrazed_7ev_cc_es2:part0:1.1 available at /tools1/Xilinx/Vivado/2020.2/data/boards/board_files/ultrazed_7ev_cc_es2/1.1/board.xml as part xczu7ev-fbvb900-1-i-es2 specified in board_part file is either invalid or not available
WARNING: [Board 49-26] cannot add Board Part em.avnet.com:ultrazed_eg_iocc:part0:1.0 available at /tools1/Xilinx/Vivado/2020.2/data/boards/board_files/ultrazed_3eg_iocc_es1/1.0/board.xml as part xczu3eg-sfva625-1-i-es1 specified in board_part file is either invalid or not available
WARNING: [Board 49-26] cannot add Board Part em.avnet.com:ultrazed_eg_pciecc:part0:1.0 available at /tools1/Xilinx/Vivado/2020.2/data/boards/board_files/ultrazed_3eg_pciecc_es1/1.0/board.xml as part xczu3eg-sfva625-1-i-es1 specified in board_part file is either invalid or not available
WARNING: [Board 49-26] cannot add Board Part em.avnet.com:ultrazed_eg_som:part0:1.0 available at /tools1/Xilinx/Vivado/2020.2/data/boards/board_files/ultrazed_3eg_som_es1/1.0/board.xml as part xczu3eg-sfva625-1-i-es1 specified in board_part file is either invalid or not available
WARNING: [Board 49-26] cannot add Board Part em.avnet.com:ultrazed_ev_som_es2:part0:1.1 available at /tools1/Xilinx/Vivado/2020.2/data/boards/board_files/ultrazed_7ev_som_es2/1.1/board.xml as part xczu7ev-fbvb900-1-i-es2 specified in board_part file is either invalid or not available
WARNING: [Board 49-26] cannot add Board Part em.avnet.com:ultrazed_7ev_cc_es2:part0:1.1 available at /tools1/Xilinx/Vivado/2020.2/data/boards/board_files/ultrazed_7ev_cc_es2/1.1/board.xml as part xczu7ev-fbvb900-1-i-es2 specified in board_part file is either invalid or not available
WARNING: [Board 49-26] cannot add Board Part em.avnet.com:ultrazed_eg_iocc:part0:1.0 available at /tools1/Xilinx/Vivado/2020.2/data/boards/board_files/ultrazed_3eg_iocc_es1/1.0/board.xml as part xczu3eg-sfva625-1-i-es1 specified in board_part file is either invalid or not available
WARNING: [Board 49-26] cannot add Board Part em.avnet.com:ultrazed_eg_pciecc:part0:1.0 available at /tools1/Xilinx/Vivado/2020.2/data/boards/board_files/ultrazed_3eg_pciecc_es1/1.0/board.xml as part xczu3eg-sfva625-1-i-es1 specified in board_part file is either invalid or not available
WARNING: [Board 49-26] cannot add Board Part em.avnet.com:ultrazed_eg_som:part0:1.0 available at /tools1/Xilinx/Vivado/2020.2/data/boards/board_files/ultrazed_3eg_som_es1/1.0/board.xml as part xczu3eg-sfva625-1-i-es1 specified in board_part file is either invalid or not available
WARNING: [Board 49-26] cannot add Board Part em.avnet.com:ultrazed_ev_som_es2:part0:1.1 available at /tools1/Xilinx/Vivado/2020.2/data/boards/board_files/ultrazed_7ev_som_es2/1.1/board.xml as part xczu7ev-fbvb900-1-i-es2 specified in board_part file is either invalid or not available
WARNING: [Board 49-26] cannot add Board Part em.avnet.com:ultrazed_7ev_cc_es2:part0:1.1 available at /tools1/Xilinx/Vivado/2020.2/data/boards/board_files/ultrazed_7ev_cc_es2/1.1/board.xml as part xczu7ev-fbvb900-1-i-es2 specified in board_part file is either invalid or not available
WARNING: [Board 49-26] cannot add Board Part em.avnet.com:ultrazed_eg_iocc:part0:1.0 available at /tools1/Xilinx/Vivado/2020.2/data/boards/board_files/ultrazed_3eg_iocc_es1/1.0/board.xml as part xczu3eg-sfva625-1-i-es1 specified in board_part file is either invalid or not available
WARNING: [Board 49-26] cannot add Board Part em.avnet.com:ultrazed_eg_pciecc:part0:1.0 available at /tools1/Xilinx/Vivado/2020.2/data/boards/board_files/ultrazed_3eg_pciecc_es1/1.0/board.xml as part xczu3eg-sfva625-1-i-es1 specified in board_part file is either invalid or not available
WARNING: [Board 49-26] cannot add Board Part em.avnet.com:ultrazed_eg_som:part0:1.0 available at /tools1/Xilinx/Vivado/2020.2/data/boards/board_files/ultrazed_3eg_som_es1/1.0/board.xml as part xczu3eg-sfva625-1-i-es1 specified in board_part file is either invalid or not available
WARNING: [Board 49-26] cannot add Board Part em.avnet.com:ultrazed_ev_som_es2:part0:1.1 available at /tools1/Xilinx/Vivado/2020.2/data/boards/board_files/ultrazed_7ev_som_es2/1.1/board.xml as part xczu7ev-fbvb900-1-i-es2 specified in board_part file is either invalid or not available
copy_run -name synth_1_copy_1 [get_runs synth_1] 
synth_1_copy_1
set_property part xc7k325tffg900-2 [current_project]
launch_simulation
Command: launch_simulation 
INFO: [Vivado 12-5682] Launching behavioral simulation in '/home/pradeepjairam/ramanujamIP/other_rnd/fpga_demo_escalator/escalator_fsm_4floor/synth/es_tb/es_tb.sim/sim_1/behav/xsim'
INFO: [SIM-utils-51] Simulation object is 'sim_1'
INFO: [SIM-utils-54] Inspecting design source files for 'tb_elev' in fileset 'sim_1'...
INFO: [USF-XSim-97] Finding global include files...
INFO: [USF-XSim-98] Fetching design files from 'sim_1'...
INFO: [USF-XSim-2] XSim::Compile design
INFO: [USF-XSim-61] Executing 'COMPILE and ANALYZE' step in '/home/pradeepjairam/ramanujamIP/other_rnd/fpga_demo_escalator/escalator_fsm_4floor/synth/es_tb/es_tb.sim/sim_1/behav/xsim'
xvlog --incr --relax -prj tb_elev_vlog.prj
INFO: [VRFC 10-2263] Analyzing Verilog file "/home/pradeepjairam/ramanujamIP/other_rnd/fpga_demo_escalator/escalator_fsm_4floor/rtl/esc_4_floor.v" into library xil_defaultlib
INFO: [VRFC 10-311] analyzing module elevator
INFO: [VRFC 10-2263] Analyzing Verilog file "/home/pradeepjairam/ramanujamIP/other_rnd/fpga_demo_escalator/escalator_fsm_4floor/tb/esc_tb.v" into library xil_defaultlib
INFO: [VRFC 10-311] analyzing module tb_elev
Waiting for jobs to finish...
No pending jobs, compilation finished.
INFO: [USF-XSim-69] 'compile' step finished in '2' seconds
INFO: [USF-XSim-3] XSim::Elaborate design
INFO: [USF-XSim-61] Executing 'ELABORATE' step in '/home/pradeepjairam/ramanujamIP/other_rnd/fpga_demo_escalator/escalator_fsm_4floor/synth/es_tb/es_tb.sim/sim_1/behav/xsim'
xelab -wto 154b5a10abb449828c498f0348edff0d --incr --debug typical --relax --mt 8 -L xil_defaultlib -L unisims_ver -L unimacro_ver -L secureip --snapshot tb_elev_behav xil_defaultlib.tb_elev xil_defaultlib.glbl -log elaborate.log
Vivado Simulator 2020.2
Copyright 1986-1999, 2001-2020 Xilinx, Inc. All Rights Reserved.
Running: /tools1/Xilinx/Vivado/2020.2/bin/unwrapped/lnx64.o/xelab -wto 154b5a10abb449828c498f0348edff0d --incr --debug typical --relax --mt 8 -L xil_defaultlib -L unisims_ver -L unimacro_ver -L secureip --snapshot tb_elev_behav xil_defaultlib.tb_elev xil_defaultlib.glbl -log elaborate.log 
Using 8 slave threads.
Starting static elaboration
Pass Through NonSizing Optimizer
Completed static elaboration
Starting simulation data flow analysis
WARNING: [XSIM 43-4100] "/home/pradeepjairam/ramanujamIP/other_rnd/fpga_demo_escalator/escalator_fsm_4floor/synth/es_tb/es_tb.sim/sim_1/behav/xsim/glbl.v" Line 6. Module glbl has a timescale but at least one module in design doesn't have timescale.
WARNING: [XSIM 43-4100] "/home/pradeepjairam/ramanujamIP/other_rnd/fpga_demo_escalator/escalator_fsm_4floor/synth/es_tb/es_tb.sim/sim_1/behav/xsim/glbl.v" Line 6. Module glbl has a timescale but at least one module in design doesn't have timescale.
Completed simulation data flow analysis
Time Resolution for simulation is 1ps
Compiling module xil_defaultlib.elevator
Compiling module xil_defaultlib.tb_elev
Compiling module xil_defaultlib.glbl
Built simulation snapshot tb_elev_behav
INFO: [USF-XSim-69] 'elaborate' step finished in '2' seconds
INFO: [USF-XSim-4] XSim::Simulate design
INFO: [USF-XSim-61] Executing 'SIMULATE' step in '/home/pradeepjairam/ramanujamIP/other_rnd/fpga_demo_escalator/escalator_fsm_4floor/synth/es_tb/es_tb.sim/sim_1/behav/xsim'
INFO: [USF-XSim-98] *** Running xsim
   with args "tb_elev_behav -key {Behavioral:sim_1:Functional:tb_elev} -tclbatch {tb_elev.tcl} -log {simulate.log}"
INFO: [USF-XSim-8] Loading simulator feature
Vivado Simulator 2020.2
Time resolution is 1 ps
source tb_elev.tcl
# set curr_wave [current_wave_config]
# if { [string length $curr_wave] == 0 } {
#   if { [llength [get_objects]] > 0} {
#     add_wave /
#     set_property needs_save false [current_wave_config]
#   } else {
#      send_msg_id Add_Wave-1 WARNING "No top level signals found. Simulator will start without a wave window. If you want to open a wave window go to 'File->New Waveform Configuration' or type 'create_wave_config' in the TCL console."
#   }
# }
# run 1000ns
INFO: [USF-XSim-96] XSim completed. Design snapshot 'tb_elev_behav' loaded.
INFO: [USF-XSim-97] XSim simulation ran for 1000ns
launch_simulation: Time (s): cpu = 00:00:12 ; elapsed = 00:00:09 . Memory (MB): peak = 7521.277 ; gain = 92.816 ; free physical = 3837 ; free virtual = 11002
reset_run synth_1
WARNING: [Vivado 12-1017] Problems encountered:
1. Failed to delete one or more files in run directory /home/pradeepjairam/ramanujamIP/other_rnd/fpga_demo_escalator/escalator_fsm_4floor/synth/es_tb/es_tb.runs/synth_1

launch_runs impl_1 -jobs 2
[Mon Jul 15 18:56:36 2024] Launched synth_1...
Run output will be captured here: /home/pradeepjairam/ramanujamIP/other_rnd/fpga_demo_escalator/escalator_fsm_4floor/synth/es_tb/es_tb.runs/synth_1/runme.log
[Mon Jul 15 18:56:36 2024] Launched impl_1...
Run output will be captured here: /home/pradeepjairam/ramanujamIP/other_rnd/fpga_demo_escalator/escalator_fsm_4floor/synth/es_tb/es_tb.runs/impl_1/runme.log
