#-----------------------------------------------------------
# Vivado v2020.2 (64-bit)
# SW Build 3064766 on Wed Nov 18 09:12:47 MST 2020
# IP Build 3064653 on Wed Nov 18 14:17:31 MST 2020
# Start of session at: Mon Jul 15 19:17:34 2024
# Process ID: 26237
# Current directory: /home/pradeepjairam/ramanujamIP/other_rnd/fpga_demo_escalator/escalator_fsm_4floor/synth
# Command line: vivado
# Log file: /home/pradeepjairam/ramanujamIP/other_rnd/fpga_demo_escalator/escalator_fsm_4floor/synth/vivado.log
# Journal file: /home/pradeepjairam/ramanujamIP/other_rnd/fpga_demo_escalator/escalator_fsm_4floor/synth/vivado.jou
#-----------------------------------------------------------
start_gui
open_project /home/pradeepjairam/ramanujamIP/other_rnd/fpga_demo_escalator/escalator_fsm_4floor/synth/es_tb/es_tb.xpr
WARNING: [filemgmt 56-3] Default IP Output Path : Could not find the directory '/home/pradeepjairam/ramanujamIP/other_rnd/fpga_demo_escalator/escalator_fsm_4floor/synth/es_tb/es_tb.gen/sources_1'.
Scanning sources...
Finished scanning sources
INFO: [IP_Flow 19-234] Refreshing IP repositories
INFO: [IP_Flow 19-1704] No user IP repositories specified
INFO: [IP_Flow 19-2313] Loaded Vivado IP repository '/tools1/Xilinx/Vivado/2020.2/data/ip'.
open_project: Time (s): cpu = 00:00:15 ; elapsed = 00:00:07 . Memory (MB): peak = 7395.316 ; gain = 42.051 ; free physical = 5651 ; free virtual = 12818
update_compile_order -fileset sources_1
