#-----------------------------------------------------------
# PlanAhead v14.7 (64-bit)
# Build 321239 by xbuild on Fri Sep 27 19:24:36 MDT 2013
# Start of session at: Tue Jul 16 11:32:39 2024
# Process ID: 11173
# Log file: /home/ise/Manipal_project/escalator_fsm_4floor_manipal_bit/synth/es_bit/planAhead_run_1/planAhead.log
# Journal file: /home/ise/Manipal_project/escalator_fsm_4floor_manipal_bit/synth/es_bit/planAhead_run_1/planAhead.jou
#-----------------------------------------------------------
INFO: [Common 17-78] Attempting to get a license: PlanAhead
INFO: [Common 17-290] Got license for PlanAhead
INFO: [Common 17-86] Your PlanAhead license expires in -2634 day(s)
INFO: [Device 21-36] Loading parts and site information from /opt/Xilinx/14.7/ISE_DS/PlanAhead/data/parts/arch.xml
Parsing RTL primitives file [/opt/Xilinx/14.7/ISE_DS/PlanAhead/data/parts/xilinx/rtl/prims/rtl_prims.xml]
Finished parsing RTL primitives file [/opt/Xilinx/14.7/ISE_DS/PlanAhead/data/parts/xilinx/rtl/prims/rtl_prims.xml]
start_gui
source /home/ise/Manipal_project/escalator_fsm_4floor_manipal_bit/synth/es_bit/pa.fromHdl.tcl
# create_project -name es_bit -dir "/home/ise/Manipal_project/escalator_fsm_4floor_manipal_bit/synth/es_bit/planAhead_run_1" -part xc6slx9tqg144-3
# set_param project.pinAheadLayout yes
# set srcset [get_property srcset [current_run -impl]]
# set_property target_constrs_file "elevator.ucf" [current_fileset -constrset]
Adding file '/home/ise/Manipal_project/escalator_fsm_4floor_manipal_bit/synth/es_bit/elevator.ucf' to fileset 'constrs_1'
# set hdlfile [add_files [list {../../rtl/escalator_4floor.v}]]
# set_property file_type Verilog $hdlfile
# set_property library work $hdlfile
# set_property top elevator $srcset
# add_files [list {elevator.ucf}] -fileset [get_property constrset [current_run]]
# open_rtl_design -part xc6slx9tqg144-3
Using Verific elaboration
Parsing VHDL file "/opt/Xilinx/14.7/ISE_DS/PlanAhead/data/parts/xilinx/rtl/lib/synplify/synattr.vhd" into library synplify
Analyzing Verilog file "/home/ise/Manipal_project/escalator_fsm_4floor_manipal_bit/rtl/escalator_4floor.v" into library work
Loading clock regions from /opt/Xilinx/14.7/ISE_DS/PlanAhead/data/parts/xilinx/spartan6/spartan6lx/xc6slx9/ClockRegion.xml
Loading clock buffers from /opt/Xilinx/14.7/ISE_DS/PlanAhead/data/parts/xilinx/spartan6/spartan6lx/xc6slx9/ClockBuffers.xml
Loading package pin functions from /opt/Xilinx/14.7/ISE_DS/PlanAhead/data/parts/xilinx/spartan6/PinFunctions.xml...
Loading package from /opt/Xilinx/14.7/ISE_DS/PlanAhead/data/parts/xilinx/spartan6/spartan6lx/xc6slx9/tqg144/Package.xml
Loading io standards from /opt/Xilinx/14.7/ISE_DS/PlanAhead/data/./parts/xilinx/spartan6/IOStandards.xml
Loading device configuration modes from /opt/Xilinx/14.7/ISE_DS/PlanAhead/data/parts/xilinx/spartan6/ConfigModes.xml
Loading list of drcs for the architecture : /opt/Xilinx/14.7/ISE_DS/PlanAhead/data/./parts/xilinx/spartan6/drc.xml
Parsing UCF File [/home/ise/Manipal_project/escalator_fsm_4floor_manipal_bit/synth/es_bit/elevator.ucf]
Finished Parsing UCF File [/home/ise/Manipal_project/escalator_fsm_4floor_manipal_bit/synth/es_bit/elevator.ucf]
INFO: [Project 1-111] Unisim Transformation Summary:
No Unisim elements were transformed.

Phase 0 | Netlist Checksum: 3c16e05a
open_rtl_design: Time (s): cpu = 00:00:08 ; elapsed = 00:00:10 . Memory (MB): peak = 2780.855 ; gain = 144.137
update_compile_order -fileset sim_1
startgroup
set_property package_pin P84 [get_ports clk]
endgroup
startgroup
set_property package_pin P22 [get_ports rst]
endgroup
startgroup
set_property package_pin P33 [get_ports {rec_floor[0]}]
endgroup
startgroup
set_property package_pin P32 [get_ports {rec_floor[1]}]
endgroup
startgroup
set_property package_pin P30 [get_ports {rec_floor[2]}]
endgroup
startgroup
set_property package_pin P29 [get_ports {rec_floor[3]}]
endgroup
startgroup
set_property package_pin P14 [get_ports {req_floor[0]}]
endgroup
startgroup
set_property package_pin P15 [get_ports {req_floor[1]}]
endgroup
startgroup
set_property package_pin P16 [get_ports {req_floor[2]}]
endgroup
save_constraints
startgroup
set_property package_pin P17 [get_ports {req_floor[3]}]
endgroup
save_constraints
startgroup
set_property package_pin P17 [get_ports {req_floor[3]}]
endgroup
save_constraints
exit
ERROR: [#UNDEF] *** Exception: ui.h.b: Found deleted key in HTclEventBroker. Verify if the classes listed here call cleanup()
HTclEvent: SIGNAL_BUS_MODIFY   Classes: ui.views.aR 
HTclEvent: DEBUG_CORE_CONFIG_CHANGE   Classes: ui.views.aR 
HTclEvent: SIGNAL_MODIFY   Classes: ui.views.aR 
HTclEvent: DEBUG_PORT_CONFIG_CHANGE   Classes: ui.views.aR 
 (See /home/ise/Manipal_project/escalator_fsm_4floor_manipal_bit/synth/es_bit/planAhead_pid11173.debug)
ERROR: [Common 17-39] 'stop_gui' failed due to earlier errors.
INFO: [Common 17-206] Exiting PlanAhead at Tue Jul 16 11:48:21 2024...
INFO: [Common 17-83] Releasing license: PlanAhead
